{"name": "Проверка ошибки при попытке создания заказа неавторизованным пользователем", "status": "failed", "statusDetails": {"message": "AssertionError: assert 200 != 200\n +  where 200 = <Response [200]>.status_code", "trace": "self = <test_create_order.TestCreateOrder object at 0x00000152E40159A0>\n\n    @allure.title('Проверка ошибки при попытке создания заказа неавторизованным пользователем')\n    def test_create_order_unauthorized_user(self):\n        access_token = None\n        payload = {'ingredients': data.generate_payload_for_order()}\n        response = OrderApi.create_order(payload, access_token)\n    \n>       assert response.status_code != 200  # в требованиях к API отсутствует код и текст ошибки для этого случая\nE       assert 200 != 200\nE        +  where 200 = <Response [200]>.status_code\n\ntests\\test_create_order.py:24: AssertionError"}, "steps": [{"name": "Отправка запроса POST на создание заказа", "status": "passed", "parameters": [{"name": "payload_for_create_order", "value": "{'ingredients': ['61c0c5a71d1f82001bdaaa6d', '61c0c5a71d1f82001bdaaa6f', '61c0c5a71d1f82001bdaaa74']}"}, {"name": "access_token", "value": "None"}], "start": 1717575785631, "stop": 1717575785954}], "start": 1717575785334, "stop": 1717575785955, "uuid": "acea3d54-8612-4faa-9f98-7ca1e5fb8b48", "historyId": "fc3e908be2f7b3e6e887fb42ae93b54e", "testCaseId": "fc3e908be2f7b3e6e887fb42ae93b54e", "fullName": "tests.test_create_order.TestCreateOrder#test_create_order_unauthorized_user", "labels": [{"name": "parentSuite", "value": "tests"}, {"name": "suite", "value": "test_create_order"}, {"name": "subSuite", "value": "TestCreateOrder"}, {"name": "host", "value": "Asus-ПК"}, {"name": "thread", "value": "21064-MainThread"}, {"name": "framework", "value": "pytest"}, {"name": "language", "value": "cpython3"}, {"name": "package", "value": "tests.test_create_order"}]}